[www.96mhengonghuat.com/1376.html]
[backblue.gif]
[fade.gif]
[index.html]
[w.ladicdn.com_443/5c6787f7d8d2cd7eb33e6e27/tai-xuong-1-20230524114247-chzsr.png]
[w.ladicdn.com/v4/source/ladipagev3.min234c.js]
[w.ladicdn.com/s1440x1038/5c6787f7d8d2cd7eb33e6e27/bg-pc-rm-20240104033159-ad4gc.jpg]
[w.ladicdn.com/s768x757/5c6787f7d8d2cd7eb33e6e27/bg-mobi-20240103150121-l0v63.jpg]
[connect.facebook.net/en_US/fbevents.js]
[www.96mhengonghuat.com/1376.html]
[s.zzcdn.me/ztr/ztrackerc662.js]
[www.96mhengonghuat.com/a.html]
[www.96mhengonghuat.com/POST.html]
[www.96mhengonghuat.com/index.html]
[www.96mhengonghuat.com/schema.org/index.html]
[www.96mhengonghuat.com/b.html]
[connect.facebook.net/en_US/fbevents.js]
[www.96mhengonghuat.com/a.html]
[www.96mhengonghuat.com/POST.html]
[www.96mhengonghuat.com/schema.org/index.html]
[www.96mhengonghuat.com/signals/iwl.html]
[w.ladicdn.com/v2/source/ladipagev3.minc03a.js]
[w.ladicdn.com/s650x500/57b167c9ca57d39c18a1c57c/why-feature.jpg]
[w.ladicdn.com/s650x500/57b167c9ca57d39c18a1c57c/blog-2-921022.jpg]
[w.ladicdn.com/s650x500/57b167c9ca57d39c18a1c57c/74fc2c3a-pakge1.png]
[w.ladicdn.com/uploads/images/99f85729-b67b-4d50-b59b-54b30c5fe88e.jpg]
[w.ladicdn.com/s650x550/57b167c9ca57d39c18a1c57c/sl8-2-800x534.jpg]
[w.ladicdn.com/s600x550/57b167c9ca57d39c18a1c57c/slider-dulichphap-tangka-560x460.jpg]
[w.ladicdn.com/s650x550/57b167c9ca57d39c18a1c57c/thanh_php_reims-du-lich-phap-e1462363022110.jpg]
[w.ladicdn.com/s650x550/57b167c9ca57d39c18a1c57c/pexels-photo-1024x683.jpg]
[w.ladicdn.com/s650x500/57b167c9ca57d39c18a1c57c/1600x1200-13-215703.jpg]
[w.ladicdn.com/s650x500/57b167c9ca57d39c18a1c57c/3b683d58-destination4.png]
[w.ladicdn.com/s650x500/57b167c9ca57d39c18a1c57c/destination-04.jpg]
[w.ladicdn.com/s650x500/57b167c9ca57d39c18a1c57c/dulichphap-chauau_navire_msc_fantasia-560x460.jpg]
[w.ladicdn.com/s650x500/57b167c9ca57d39c18a1c57c/5f5f7866-pakge2.png]
[w.ladicdn.com/uploads/images/75f59b40-4c0c-4482-aa15-387947ff3236.jpg]
[w.ladicdn.com/s1440x747/57b167c9ca57d39c18a1c57c/slide-3.jpg]
[w.ladicdn.com/s1440x679/57b167c9ca57d39c18a1c57c/1-1.jpg]
[w.ladicdn.com/s850x850/57b167c9ca57d39c18a1c57c/travel-600x600-04.jpg]
[w.ladicdn.com/s1440x548/57b167c9ca57d39c18a1c57c/travel_slider_2.jpg]
[w.ladicdn.com/s700x1250/57b167c9ca57d39c18a1c57c/ricepaper_v3-383384.png]
[w.ladicdn.com/s1440x518/57b167c9ca57d39c18a1c57c/main-home-parallax-2.jpg]
[w.ladicdn.com/s1440x354/57b167c9ca57d39c18a1c57c/travel_slider_2.jpg]
[w.ladicdn.com/s700x1400/57b167c9ca57d39c18a1c57c/ok-416185.png]
[w.ladicdn.com/s768x450/57b167c9ca57d39c18a1c57c/slide-3.jpg]
[w.ladicdn.com/s768x778/57b167c9ca57d39c18a1c57c/1-1.jpg]
[w.ladicdn.com/s700x550/57b167c9ca57d39c18a1c57c/travel-600x600-04.jpg]
[w.ladicdn.com/s768x821/57b167c9ca57d39c18a1c57c/travel_slider_2.jpg]
[w.ladicdn.com/s700x1850/57b167c9ca57d39c18a1c57c/ricepaper_v3-383384.png]
[w.ladicdn.com/s768x622/57b167c9ca57d39c18a1c57c/main-home-parallax-2.jpg]
[w.ladicdn.com/s768x166/57b167c9ca57d39c18a1c57c/travel_slider_2.jpg]
[www.96mhengonghuat.com/index.html]
[www.96mhengonghuat.com/b.html]
[www.96mhengonghuat.com/signals/iwl.html]
[img.youtube.com/vi/ImHS2QdZpY0/hqdefault.jpg]
[w.ladicdn.com/s700x2050/57b167c9ca57d39c18a1c57c/ok-416185.png]
